Arguments: 
  /Users/jhartshorn/.nvm/versions/node/v8.11.1/bin/node /usr/local/Cellar/yarn/1.9.4/libexec/bin/yarn.js add zepplin-solidity

PATH: 
  /Library/Frameworks/Python.framework/Versions/3.6/bin:/Library/Frameworks/Python.framework/Versions/2.7/bin:/opt/local/bin:/opt/local/sbin:/Users/jhartshorn/.nvm/versions/node/v8.11.1/bin:/Users/jhartshorn/.rbenv/shims:/Users/jhartshorn/.rbenv/shims:/Users/jhartshorn/.rbenv/bin:/usr/local/bin:/Users/jhartshorn/.pyenv/bin:/Users/jhartshorn/.pyenv/plugins/pyenv-virtualenv/shims:/Users/jhartshorn/.pyenv/shims:/usr/local/bin:/usr/bin:/bin:/usr/sbin:/sbin:/usr/local/sbin:/usr/local/munki:/Users/jhartshorn/bin:/usr/local/bin:/Applications/MAMP/Library/bin:/usr/local/Cellar/maven/3.5.0/libexec:/usr/local/Cellar/maven/3.5.0/libexec/bin:/Users/jhartshorn/AnypointStudio/mule-standalone-3.8.1:/Users/jhartshorn/Library/Android/sdk:/Users/jhartshorn/Library/Android/sdk/tools:/Users/jhartshorn/Library/Android/sdk/platform-tools:/Users/jhartshorn/code/go/bin:/Users/jhartshorn/code/go/bin:/path/to/elixir/bin:/Users/jhartshorn/bin:/Users/jhartshorn/lib/vsts-cli/bin

Yarn version: 
  1.9.4

Node version: 
  8.11.1

Platform: 
  darwin x64

Trace: 
  Error: https://registry.yarnpkg.com/zepplin-solidity: Not found
      at Request.params.callback [as _callback] (/usr/local/Cellar/yarn/1.9.4/libexec/lib/cli.js:64202:18)
      at Request.self.callback (/usr/local/Cellar/yarn/1.9.4/libexec/lib/cli.js:137468:22)
      at emitTwo (events.js:126:13)
      at Request.emit (events.js:214:7)
      at Request.<anonymous> (/usr/local/Cellar/yarn/1.9.4/libexec/lib/cli.js:138440:10)
      at emitOne (events.js:116:13)
      at Request.emit (events.js:211:7)
      at IncomingMessage.<anonymous> (/usr/local/Cellar/yarn/1.9.4/libexec/lib/cli.js:138362:12)
      at Object.onceWrapper (events.js:313:30)
      at emitNone (events.js:111:20)

npm manifest: 
  {
    "name": "razor-token",
    "version": "1.0.0",
    "main": "index.js",
    "license": "MIT"
  }

yarn manifest: 
  No manifest

Lockfile: 
  No lockfile
